2024-12-02 23:32:18,601 - INFO - Запуск программы
2024-12-02 23:32:18,602 - INFO - Задачи загружены из файла
2024-12-02 23:32:18,602 - INFO - Запуск основного меню
2024-12-02 23:32:20,833 - INFO - Открыт раздел меню - Отображать задачи
2024-12-02 23:32:21,348 - INFO - Задачи успешно показаны
2024-12-02 23:32:21,348 - INFO - Запуск основного меню
2024-12-02 23:32:23,357 - INFO - Открыт раздел меню - Отображать задачи
2024-12-02 23:32:23,621 - INFO - Задачи успешно показаны
2024-12-02 23:32:23,622 - INFO - Запуск основного меню
2024-12-02 23:32:29,493 - INFO - Открыт раздел меню - Удалить задачу
2024-12-02 23:32:31,702 - INFO - Задача успешна сохранена
2024-12-02 23:32:31,702 - INFO - Задача удалена
2024-12-02 23:32:31,703 - INFO - Запуск основного меню
2024-12-02 23:32:42,304 - INFO - Открыт раздел меню - Искать задачи
2024-12-02 23:32:52,735 - ERROR - Неверные данные для поиска задач -  Такая задача не найдена
2024-12-02 23:32:52,737 - INFO - Запуск основного меню
2024-12-02 23:32:57,637 - INFO - Открыт раздел меню - добавить задачу
2024-12-02 23:33:15,468 - INFO - Задача успешна сохранена
2024-12-02 23:33:15,469 - INFO - Новая задача добавлена
2024-12-02 23:33:15,469 - INFO - Запуск основного меню
2024-12-02 23:33:17,467 - INFO - Открыт раздел меню - Отображать задачи
2024-12-02 23:33:18,408 - INFO - Задачи успешно показаны
2024-12-02 23:33:18,408 - INFO - Запуск основного меню
2024-12-02 23:33:21,516 - INFO - Пользователь нажал выход 
